<?xml version="1.0" encoding="UTF-8"?>
<!-- Generated by org.testng.reporters.JUnitReportReporter -->
<testsuite skipped="10" hostname="TVTHP" name="Test_Base" tests="11" failures="0" timestamp="04 Sep 2019 05:24:03 GMT" time="109.185" errors="1">
  <testcase name="before" time="109.185" classname="Test_Base">
    <error type="org.openqa.selenium.WebDriverException" message="Failed to decode response from marionette
Build info: version: &#039;unknown&#039;, revision: &#039;5234b32&#039;, time: &#039;2017-03-10 09:00:17 -0800&#039;
System info: host: &#039;TVTHP&#039;, ip: &#039;192.168.135.2&#039;, os.name: &#039;Windows 8.1&#039;, os.arch: &#039;amd64&#039;, os.version: &#039;6.3&#039;, java.version: &#039;1.8.0_212&#039;
Driver info: org.openqa.selenium.firefox.FirefoxDriver
Capabilities [{moz:profile=C:\Users\TVT\AppData\Local\Temp\rust_mozprofile.0mxOaTsAYqpl, rotatable=false, timeouts={implicit=0, page load=300000, script=30000}, pageLoadStrategy=normal, platform=ANY, specificationLevel=0, moz:accessibilityChecks=false, acceptInsecureCerts=false, browserVersion=52.0, platformVersion=6.3, moz:processID=1572, browserName=firefox, platformName=windows_nt}]
Session ID: 2a8793b8-331a-43d6-b59b-a7a1419079f2
*** Element info: {Using=name, value=agent_id}">
      <![CDATA[org.openqa.selenium.WebDriverException: Failed to decode response from marionette
Build info: version: 'unknown', revision: '5234b32', time: '2017-03-10 09:00:17 -0800'
System info: host: 'TVTHP', ip: '192.168.135.2', os.name: 'Windows 8.1', os.arch: 'amd64', os.version: '6.3', java.version: '1.8.0_212'
Driver info: org.openqa.selenium.firefox.FirefoxDriver
Capabilities [{moz:profile=C:\Users\TVT\AppData\Local\Temp\rust_mozprofile.0mxOaTsAYqpl, rotatable=false, timeouts={implicit=0, page load=300000, script=30000}, pageLoadStrategy=normal, platform=ANY, specificationLevel=0, moz:accessibilityChecks=false, acceptInsecureCerts=false, browserVersion=52.0, platformVersion=6.3, moz:processID=1572, browserName=firefox, platformName=windows_nt}]
Session ID: 2a8793b8-331a-43d6-b59b-a7a1419079f2
*** Element info: {Using=name, value=agent_id}
	at sun.reflect.NativeConstructorAccessorImpl.newInstance0(Native Method)
	at sun.reflect.NativeConstructorAccessorImpl.newInstance(Unknown Source)
	at sun.reflect.DelegatingConstructorAccessorImpl.newInstance(Unknown Source)
	at java.lang.reflect.Constructor.newInstance(Unknown Source)
	at org.openqa.selenium.remote.http.W3CHttpResponseCodec.createException(W3CHttpResponseCodec.java:133)
	at org.openqa.selenium.remote.http.W3CHttpResponseCodec.decode(W3CHttpResponseCodec.java:99)
	at org.openqa.selenium.remote.http.W3CHttpResponseCodec.decode(W3CHttpResponseCodec.java:43)
	at org.openqa.selenium.remote.HttpCommandExecutor.execute(HttpCommandExecutor.java:163)
	at org.openqa.selenium.remote.service.DriverCommandExecutor.execute(DriverCommandExecutor.java:82)
	at org.openqa.selenium.remote.RemoteWebDriver.execute(RemoteWebDriver.java:604)
	at org.openqa.selenium.remote.RemoteWebDriver.findElement(RemoteWebDriver.java:371)
	at org.openqa.selenium.remote.RemoteWebDriver.findElementByName(RemoteWebDriver.java:452)
	at org.openqa.selenium.By$ByName.findElement(By.java:303)
	at org.openqa.selenium.remote.RemoteWebDriver.findElement(RemoteWebDriver.java:363)
	at Home_page.openBrowser(Home_page.java:63)
	at Test_Base.before(Test_Base.java:35)
	at sun.reflect.NativeMethodAccessorImpl.invoke0(Native Method)
	at sun.reflect.NativeMethodAccessorImpl.invoke(Unknown Source)
	at sun.reflect.DelegatingMethodAccessorImpl.invoke(Unknown Source)
	at java.lang.reflect.Method.invoke(Unknown Source)
	at org.testng.internal.MethodInvocationHelper.invokeMethod(MethodInvocationHelper.java:108)
	at org.testng.internal.Invoker.invokeConfigurationMethod(Invoker.java:523)
	at org.testng.internal.Invoker.invokeConfigurations(Invoker.java:224)
	at org.testng.internal.Invoker.invokeConfigurations(Invoker.java:146)
	at org.testng.TestRunner.beforeRun(TestRunner.java:626)
	at org.testng.TestRunner.run(TestRunner.java:594)
	at org.testng.SuiteRunner.runTest(SuiteRunner.java:380)
	at org.testng.SuiteRunner.runSequentially(SuiteRunner.java:375)
	at org.testng.SuiteRunner.privateRun(SuiteRunner.java:340)
	at org.testng.SuiteRunner.run(SuiteRunner.java:289)
	at org.testng.SuiteRunnerWorker.runSuite(SuiteRunnerWorker.java:52)
	at org.testng.SuiteRunnerWorker.run(SuiteRunnerWorker.java:86)
	at org.testng.TestNG.runSuitesSequentially(TestNG.java:1301)
	at org.testng.TestNG.runSuitesLocally(TestNG.java:1226)
	at org.testng.TestNG.runSuites(TestNG.java:1144)
	at org.testng.TestNG.run(TestNG.java:1115)
	at org.testng.remote.AbstractRemoteTestNG.run(AbstractRemoteTestNG.java:132)
	at org.testng.remote.RemoteTestNG.initAndRun(RemoteTestNG.java:230)
	at org.testng.remote.RemoteTestNG.main(RemoteTestNG.java:76)
]]>
    </error>
  </testcase> <!-- before -->
  <testcase name="Ready_button" time="0.000" classname="Test_Base">
    <skipped/>
  </testcase> <!-- Ready_button -->
  <testcase name="preview_test" time="0.000" classname="Test_Base">
    <skipped/>
  </testcase> <!-- preview_test -->
  <testcase name="progressive_test" time="0.000" classname="Test_Base">
    <skipped/>
  </testcase> <!-- progressive_test -->
  <testcase name="break_Test" time="0.000" classname="Test_Base">
    <skipped/>
  </testcase> <!-- break_Test -->
  <testcase name="back_Test" time="0.000" classname="Test_Base">
    <skipped/>
  </testcase> <!-- back_Test -->
  <testcase name="auto_mode" time="0.000" classname="Test_Base">
    <skipped/>
  </testcase> <!-- auto_mode -->
  <testcase name="Reset_auto" time="0.000" classname="Test_Base">
    <skipped/>
  </testcase> <!-- Reset_auto -->
  <testcase name="Call_test" time="0.000" classname="Test_Base">
    <skipped/>
  </testcase> <!-- Call_test -->
  <testcase name="Redial" time="0.000" classname="Test_Base">
    <skipped/>
  </testcase> <!-- Redial -->
  <testcase name="log" time="0.000" classname="Test_Base">
    <skipped/>
  </testcase> <!-- log -->
</testsuite> <!-- Test_Base -->
